<?xml version="1.0" encoding="UTF-8"?>
<!-- Generated by org.testng.reporters.JUnitReportReporter -->
<testsuite skipped="0" hostname="DESKTOP-47Q31E1" name="pageObjectsDemosite.DemoTest2" tests="1" failures="0" timestamp="2020-09-21T18:28:34 EDT" time="922.216" errors="0">
  <testcase name="register" time="922.216" classname="pageObjectsDemosite.DemoTest2"/>
  <system-out/>
</testsuite> <!-- pageObjectsDemosite.DemoTest2 -->
