<?xml version="1.0" encoding="UTF-8"?>
<!-- Generated by org.testng.reporters.JUnitReportReporter -->
<testsuite skipped="0" hostname="DESKTOP-47Q31E1" name="PageObjects.GiftCard" tests="1" failures="0" timestamp="2020-09-21T19:21:21 EDT" time="22.689" errors="0">
  <testcase name="gift" time="22.689" classname="PageObjects.GiftCard"/>
  <system-out/>
</testsuite> <!-- PageObjects.GiftCard -->
