<?xml version="1.0" encoding="UTF-8"?>
<!-- Generated by org.testng.reporters.JUnitReportReporter -->
<testsuite skipped="0" hostname="DESKTOP-47Q31E1" name="pageObjectsDemosite.DemoTest1" tests="1" failures="0" timestamp="2020-09-21T18:28:34 EDT" time="158.167" errors="0">
  <testcase name="register" time="158.167" classname="pageObjectsDemosite.DemoTest1"/>
  <system-out/>
</testsuite> <!-- pageObjectsDemosite.DemoTest1 -->
