<?xml version="1.0" encoding="UTF-8"?>
<!-- Generated by org.testng.reporters.JUnitReportReporter -->
<testsuite skipped="0" hostname="DESKTOP-47Q31E1" name="PageObjects.CorperateTravell" tests="1" failures="0" timestamp="2020-09-21T19:21:21 EDT" time="13.945" errors="0">
  <testcase name="corp" time="13.945" classname="PageObjects.CorperateTravell"/>
  <system-out/>
</testsuite> <!-- PageObjects.CorperateTravell -->
