<?xml version="1.0" encoding="UTF-8"?>
<!-- Generated by org.testng.reporters.JUnitReportReporter -->
<testsuite skipped="0" hostname="DESKTOP-47Q31E1" name="PageObjects.Add_ON" tests="1" failures="0" timestamp="2020-09-21T19:21:21 EDT" time="13.825" errors="0">
  <testcase name="addon" time="13.825" classname="PageObjects.Add_ON"/>
  <system-out/>
</testsuite> <!-- PageObjects.Add_ON -->
